Determining if the pthread_create exist failed with the following output:
Change Dir: /home/a/catkin_ws/build/CMakeFiles/CMakeTmp

Run Build Command:"/usr/bin/make" "cmTC_6cb5d/fast"
/usr/bin/make -f CMakeFiles/cmTC_6cb5d.dir/build.make CMakeFiles/cmTC_6cb5d.dir/build
make[1]: se entra en el directorio '/home/a/catkin_ws/build/CMakeFiles/CMakeTmp'
Building C object CMakeFiles/cmTC_6cb5d.dir/CheckSymbolExists.c.o
/usr/bin/cc     -o CMakeFiles/cmTC_6cb5d.dir/CheckSymbolExists.c.o   -c /home/a/catkin_ws/build/CMakeFiles/CMakeTmp/CheckSymbolExists.c
Linking C executable cmTC_6cb5d
/usr/bin/cmake -E cmake_link_script CMakeFiles/cmTC_6cb5d.dir/link.txt --verbose=1
/usr/bin/cc       CMakeFiles/cmTC_6cb5d.dir/CheckSymbolExists.c.o  -o cmTC_6cb5d -rdynamic 
CMakeFiles/cmTC_6cb5d.dir/CheckSymbolExists.c.o: En la función `main':
CheckSymbolExists.c:(.text+0x16): referencia a `pthread_create' sin definir
collect2: error: ld returned 1 exit status
CMakeFiles/cmTC_6cb5d.dir/build.make:97: fallo en las instrucciones para el objetivo 'cmTC_6cb5d'
make[1]: *** [cmTC_6cb5d] Error 1
make[1]: se sale del directorio '/home/a/catkin_ws/build/CMakeFiles/CMakeTmp'
Makefile:126: fallo en las instrucciones para el objetivo 'cmTC_6cb5d/fast'
make: *** [cmTC_6cb5d/fast] Error 2

File /home/a/catkin_ws/build/CMakeFiles/CMakeTmp/CheckSymbolExists.c:
/* */
#include <pthread.h>

int main(int argc, char** argv)
{
  (void)argv;
#ifndef pthread_create
  return ((int*)(&pthread_create))[argc];
#else
  (void)argc;
  return 0;
#endif
}

Determining if the function pthread_create exists in the pthreads failed with the following output:
Change Dir: /home/a/catkin_ws/build/CMakeFiles/CMakeTmp

Run Build Command:"/usr/bin/make" "cmTC_b259d/fast"
/usr/bin/make -f CMakeFiles/cmTC_b259d.dir/build.make CMakeFiles/cmTC_b259d.dir/build
make[1]: se entra en el directorio '/home/a/catkin_ws/build/CMakeFiles/CMakeTmp'
Building C object CMakeFiles/cmTC_b259d.dir/CheckFunctionExists.c.o
/usr/bin/cc    -DCHECK_FUNCTION_EXISTS=pthread_create   -o CMakeFiles/cmTC_b259d.dir/CheckFunctionExists.c.o   -c /usr/share/cmake-3.5/Modules/CheckFunctionExists.c
Linking C executable cmTC_b259d
/usr/bin/cmake -E cmake_link_script CMakeFiles/cmTC_b259d.dir/link.txt --verbose=1
/usr/bin/cc   -DCHECK_FUNCTION_EXISTS=pthread_create    CMakeFiles/cmTC_b259d.dir/CheckFunctionExists.c.o  -o cmTC_b259d -rdynamic -lpthreads 
/usr/bin/ld: no se puede encontrar -lpthreads
collect2: error: ld returned 1 exit status
CMakeFiles/cmTC_b259d.dir/build.make:97: fallo en las instrucciones para el objetivo 'cmTC_b259d'
make[1]: *** [cmTC_b259d] Error 1
make[1]: se sale del directorio '/home/a/catkin_ws/build/CMakeFiles/CMakeTmp'
Makefile:126: fallo en las instrucciones para el objetivo 'cmTC_b259d/fast'
make: *** [cmTC_b259d/fast] Error 2


